2018-02-28 10:43:34 [main] INFO  c.s.s.SpringbootApplication : 
 Starting SpringbootApplication on sunll with PID 8596 (D:\jtdspace\springboot\target\classes started by Administrator in D:\jtdspace\springboot) 
2018-02-28 10:43:34 [main] DEBUG c.s.s.SpringbootApplication : 
 Running with Spring Boot v1.5.10.RELEASE, Spring v4.3.14.RELEASE 
2018-02-28 10:43:34 [main] INFO  c.s.s.SpringbootApplication : 
 No active profile set, falling back to default profiles: default 
2018-02-28 10:43:44 [main] INFO  c.s.s.SpringbootApplication : 
 Started SpringbootApplication in 11.812 seconds (JVM running for 13.233) 
2018-02-28 10:44:35 [http-nio-8888-exec-4] DEBUG c.s.s.m.L.selectByPrimaryKey : 
 ==>  Preparing: select id, author, title, url from learn_resource where id = ?  
2018-02-28 10:44:35 [http-nio-8888-exec-4] DEBUG c.s.s.m.L.selectByPrimaryKey : 
 ==> Parameters: 1(Long) 
2018-02-28 10:44:35 [http-nio-8888-exec-4] DEBUG c.s.s.m.L.selectByPrimaryKey : 
 <==      Total: 0 
2018-02-28 10:45:15 [http-nio-8888-exec-5] DEBUG c.s.s.m.L.insertSelective : 
 ==>  Preparing: insert into learn_resource ( id, author, title, url ) values ( ?, ?, ?, ? )  
2018-02-28 10:45:15 [http-nio-8888-exec-5] DEBUG c.s.s.m.L.insertSelective : 
 ==> Parameters: 1111111(Long), sunll(String), springboot(String), www.baidu.com(String) 
2018-02-28 10:45:15 [http-nio-8888-exec-5] DEBUG c.s.s.m.L.insertSelective : 
 <==    Updates: 1 
2018-02-28 10:49:35 [main] INFO  c.s.s.SpringbootApplication : 
 Starting SpringbootApplication on sunll with PID 10172 (D:\jtdspace\springboot\target\classes started by Administrator in D:\jtdspace\springboot) 
2018-02-28 10:49:35 [main] DEBUG c.s.s.SpringbootApplication : 
 Running with Spring Boot v1.5.10.RELEASE, Spring v4.3.14.RELEASE 
2018-02-28 10:49:35 [main] INFO  c.s.s.SpringbootApplication : 
 No active profile set, falling back to default profiles: default 
2018-02-28 10:49:45 [main] INFO  c.s.s.SpringbootApplication : 
 Started SpringbootApplication in 12.659 seconds (JVM running for 14.141) 
2018-02-28 10:50:09 [http-nio-8888-exec-1] DEBUG c.s.s.m.L.insertSelective : 
 ==>  Preparing: insert into learn_resource ( id, author, title, url ) values ( ?, ?, ?, ? )  
2018-02-28 10:50:10 [http-nio-8888-exec-1] DEBUG c.s.s.m.L.insertSelective : 
 ==> Parameters: 1111111(Long), sunll(String), springboot(String), www.baidu.com(String) 
2018-02-28 10:50:27 [http-nio-8888-exec-2] DEBUG c.s.s.m.L.insertSelective : 
 ==>  Preparing: insert into learn_resource ( id, author, title, url ) values ( ?, ?, ?, ? )  
2018-02-28 10:50:27 [http-nio-8888-exec-2] DEBUG c.s.s.m.L.insertSelective : 
 ==> Parameters: 1111111(Long), sunll(String), springboot(String), www.baidu.com(String) 
2018-02-28 10:50:27 [http-nio-8888-exec-2] DEBUG c.s.s.m.L.insertSelective : 
 <==    Updates: 1 
2018-02-28 10:53:36 [main] INFO  c.s.s.SpringbootApplication : 
 Starting SpringbootApplication on sunll with PID 4568 (D:\jtdspace\springboot\target\classes started by Administrator in D:\jtdspace\springboot) 
2018-02-28 10:53:36 [main] DEBUG c.s.s.SpringbootApplication : 
 Running with Spring Boot v1.5.10.RELEASE, Spring v4.3.14.RELEASE 
2018-02-28 10:53:36 [main] INFO  c.s.s.SpringbootApplication : 
 No active profile set, falling back to default profiles: default 
2018-02-28 10:53:46 [main] INFO  c.s.s.SpringbootApplication : 
 Started SpringbootApplication in 11.225 seconds (JVM running for 12.602) 
2018-02-28 10:53:57 [http-nio-8888-exec-1] DEBUG c.s.s.m.L.insertSelective : 
 ==>  Preparing: insert into learn_resource ( id, author, title, url ) values ( ?, ?, ?, ? )  
2018-02-28 10:53:57 [http-nio-8888-exec-1] DEBUG c.s.s.m.L.insertSelective : 
 ==> Parameters: 1111111(Long), sunll(String), springboot(String), www.baidu.com(String) 
2018-02-28 10:53:57 [http-nio-8888-exec-1] DEBUG c.s.s.m.L.insertSelective : 
 <==    Updates: 1 
2018-02-28 10:54:13 [http-nio-8888-exec-2] DEBUG c.s.s.m.L.insertSelective : 
 ==>  Preparing: insert into learn_resource ( id, author, title, url ) values ( ?, ?, ?, ? )  
2018-02-28 10:54:13 [http-nio-8888-exec-2] DEBUG c.s.s.m.L.insertSelective : 
 ==> Parameters: 1111111(Long), sunll(String), springboot(String), www.baidu.com(String) 
2018-02-28 10:57:00 [main] INFO  c.s.s.SpringbootApplication : 
 Starting SpringbootApplication on sunll with PID 9556 (D:\jtdspace\springboot\target\classes started by Administrator in D:\jtdspace\springboot) 
2018-02-28 10:57:00 [main] DEBUG c.s.s.SpringbootApplication : 
 Running with Spring Boot v1.5.10.RELEASE, Spring v4.3.14.RELEASE 
2018-02-28 10:57:00 [main] INFO  c.s.s.SpringbootApplication : 
 No active profile set, falling back to default profiles: default 
2018-02-28 10:57:11 [main] INFO  c.s.s.SpringbootApplication : 
 Started SpringbootApplication in 12.717 seconds (JVM running for 14.084) 
2018-02-28 10:57:18 [http-nio-8888-exec-1] DEBUG c.s.s.m.L.insertSelective : 
 ==>  Preparing: insert into learn_resource ( id, author, title, url ) values ( ?, ?, ?, ? )  
2018-02-28 10:57:19 [http-nio-8888-exec-1] DEBUG c.s.s.m.L.insertSelective : 
 ==> Parameters: 1111111(Long), sunll(String), springboot(String), www.baidu.com(String) 
2018-02-28 11:01:13 [main] INFO  c.s.s.SpringbootApplication : 
 Starting SpringbootApplication on sunll with PID 9772 (D:\jtdspace\springboot\target\classes started by Administrator in D:\jtdspace\springboot) 
2018-02-28 11:01:13 [main] DEBUG c.s.s.SpringbootApplication : 
 Running with Spring Boot v1.5.10.RELEASE, Spring v4.3.14.RELEASE 
2018-02-28 11:01:13 [main] INFO  c.s.s.SpringbootApplication : 
 No active profile set, falling back to default profiles: default 
2018-02-28 11:01:24 [main] INFO  c.s.s.SpringbootApplication : 
 Started SpringbootApplication in 12.27 seconds (JVM running for 13.501) 
2018-02-28 11:01:44 [http-nio-8888-exec-1] DEBUG c.s.s.m.L.insertSelective : 
 ==>  Preparing: insert into learn_resource ( id, author, title, url ) values ( ?, ?, ?, ? )  
2018-02-28 11:01:45 [http-nio-8888-exec-1] DEBUG c.s.s.m.L.insertSelective : 
 ==> Parameters: 1111111(Long), sunll(String), springboot(String), www.baidu.com(String) 
2018-02-28 11:01:45 [http-nio-8888-exec-1] DEBUG c.s.s.m.L.insertSelective : 
 <==    Updates: 1 
2018-02-28 11:01:45 [http-nio-8888-exec-1] DEBUG c.s.s.m.L.insertSelective : 
 ==>  Preparing: insert into learn_resource ( id, author, title, url ) values ( ?, ?, ?, ? )  
2018-02-28 11:01:45 [http-nio-8888-exec-1] DEBUG c.s.s.m.L.insertSelective : 
 ==> Parameters: 11(Long), sunll1(String), springboot1(String), www.baidu.com1(String) 
2018-02-28 11:01:45 [http-nio-8888-exec-1] DEBUG c.s.s.m.L.insertSelective : 
 <==    Updates: 1 
2018-02-28 11:02:20 [main] INFO  c.s.s.SpringbootApplication : 
 Starting SpringbootApplication on sunll with PID 9160 (D:\jtdspace\springboot\target\classes started by Administrator in D:\jtdspace\springboot) 
2018-02-28 11:02:20 [main] DEBUG c.s.s.SpringbootApplication : 
 Running with Spring Boot v1.5.10.RELEASE, Spring v4.3.14.RELEASE 
2018-02-28 11:02:20 [main] INFO  c.s.s.SpringbootApplication : 
 No active profile set, falling back to default profiles: default 
2018-02-28 11:02:31 [main] INFO  c.s.s.SpringbootApplication : 
 Started SpringbootApplication in 12.287 seconds (JVM running for 13.63) 
2018-02-28 11:02:42 [http-nio-8888-exec-1] DEBUG c.s.s.m.L.insertSelective : 
 ==>  Preparing: insert into learn_resource ( id, author, title, url ) values ( ?, ?, ?, ? )  
2018-02-28 11:02:42 [http-nio-8888-exec-1] DEBUG c.s.s.m.L.insertSelective : 
 ==> Parameters: 1111111(Long), sunll(String), springboot(String), www.baidu.com(String) 
2018-02-28 11:02:42 [http-nio-8888-exec-1] DEBUG c.s.s.m.L.insertSelective : 
 <==    Updates: 1 
2018-02-28 11:03:38 [main] INFO  c.s.s.SpringbootApplication : 
 Starting SpringbootApplication on sunll with PID 10580 (D:\jtdspace\springboot\target\classes started by Administrator in D:\jtdspace\springboot) 
2018-02-28 11:03:38 [main] DEBUG c.s.s.SpringbootApplication : 
 Running with Spring Boot v1.5.10.RELEASE, Spring v4.3.14.RELEASE 
2018-02-28 11:03:38 [main] INFO  c.s.s.SpringbootApplication : 
 No active profile set, falling back to default profiles: default 
2018-02-28 11:03:48 [main] INFO  c.s.s.SpringbootApplication : 
 Started SpringbootApplication in 11.975 seconds (JVM running for 13.481) 
2018-02-28 11:03:50 [http-nio-8888-exec-7] DEBUG c.s.s.m.L.insertSelective : 
 ==>  Preparing: insert into learn_resource ( id, author, title, url ) values ( ?, ?, ?, ? )  
2018-02-28 11:03:50 [http-nio-8888-exec-7] DEBUG c.s.s.m.L.insertSelective : 
 ==> Parameters: 1111111(Long), sunll(String), springboot(String), www.baidu.com(String) 
2018-02-28 11:03:50 [http-nio-8888-exec-7] DEBUG c.s.s.m.L.insertSelective : 
 <==    Updates: 1 
2018-02-28 14:08:09 [main] INFO  c.s.s.SpringbootApplication : 
 Starting SpringbootApplication on sunll with PID 10784 (D:\jtdspace\springboot\target\classes started by Administrator in D:\jtdspace\springboot) 
2018-02-28 14:08:09 [main] DEBUG c.s.s.SpringbootApplication : 
 Running with Spring Boot v1.5.10.RELEASE, Spring v4.3.14.RELEASE 
2018-02-28 14:08:09 [main] INFO  c.s.s.SpringbootApplication : 
 No active profile set, falling back to default profiles: default 
2018-02-28 14:08:15 [main] ERROR c.s.springboot.config.MybatisConfig : 
 mybatis sqlSessionFactoryBean create error 
java.lang.NullPointerException: null
	at com.sunll.springboot.config.MybatisConfig.sqlSessionFactory(MybatisConfig.java:57)
	at com.sunll.springboot.config.MybatisConfig$$EnhancerBySpringCGLIB$$59239367.CGLIB$sqlSessionFactory$1(<generated>)
	at com.sunll.springboot.config.MybatisConfig$$EnhancerBySpringCGLIB$$59239367$$FastClassBySpringCGLIB$$2d9d08b0.invoke(<generated>)
	at org.springframework.cglib.proxy.MethodProxy.invokeSuper(MethodProxy.java:228)
	at org.springframework.context.annotation.ConfigurationClassEnhancer$BeanMethodInterceptor.intercept(ConfigurationClassEnhancer.java:358)
	at com.sunll.springboot.config.MybatisConfig$$EnhancerBySpringCGLIB$$59239367.sqlSessionFactory(<generated>)
	at sun.reflect.NativeMethodAccessorImpl.invoke0(Native Method)
	at sun.reflect.NativeMethodAccessorImpl.invoke(NativeMethodAccessorImpl.java:62)
	at sun.reflect.DelegatingMethodAccessorImpl.invoke(DelegatingMethodAccessorImpl.java:43)
	at java.lang.reflect.Method.invoke(Method.java:498)
	at org.springsource.loaded.ri.ReflectiveInterceptor.jlrMethodInvoke(ReflectiveInterceptor.java:1427)
	at org.springframework.beans.factory.support.SimpleInstantiationStrategy.instantiate(SimpleInstantiationStrategy.java:162)
	at org.springframework.beans.factory.support.ConstructorResolver.instantiateUsingFactoryMethod(ConstructorResolver.java:588)
	at org.springframework.beans.factory.support.AbstractAutowireCapableBeanFactory.instantiateUsingFactoryMethod(AbstractAutowireCapableBeanFactory.java:1173)
	at org.springframework.beans.factory.support.AbstractAutowireCapableBeanFactory.createBeanInstance(AbstractAutowireCapableBeanFactory.java:1067)
	at org.springframework.beans.factory.support.AbstractAutowireCapableBeanFactory.doCreateBean(AbstractAutowireCapableBeanFactory.java:513)
	at org.springframework.beans.factory.support.AbstractAutowireCapableBeanFactory.createBean(AbstractAutowireCapableBeanFactory.java:483)
	at org.springframework.beans.factory.support.AbstractBeanFactory$1.getObject(AbstractBeanFactory.java:306)
	at org.springframework.beans.factory.support.DefaultSingletonBeanRegistry.getSingleton(DefaultSingletonBeanRegistry.java:230)
	at org.springframework.beans.factory.support.AbstractBeanFactory.doGetBean(AbstractBeanFactory.java:302)
	at org.springframework.beans.factory.support.AbstractBeanFactory.getBean(AbstractBeanFactory.java:202)
	at org.springframework.beans.factory.config.DependencyDescriptor.resolveCandidate(DependencyDescriptor.java:208)
	at org.springframework.beans.factory.support.DefaultListableBeanFactory.doResolveDependency(DefaultListableBeanFactory.java:1138)
	at org.springframework.beans.factory.support.DefaultListableBeanFactory.resolveDependency(DefaultListableBeanFactory.java:1066)
	at org.springframework.beans.factory.support.AbstractAutowireCapableBeanFactory.autowireByType(AbstractAutowireCapableBeanFactory.java:1342)
	at org.springframework.beans.factory.support.AbstractAutowireCapableBeanFactory.populateBean(AbstractAutowireCapableBeanFactory.java:1249)
	at org.springframework.beans.factory.support.AbstractAutowireCapableBeanFactory.doCreateBean(AbstractAutowireCapableBeanFactory.java:553)
	at org.springframework.beans.factory.support.AbstractAutowireCapableBeanFactory.createBean(AbstractAutowireCapableBeanFactory.java:483)
	at org.springframework.beans.factory.support.AbstractBeanFactory$1.getObject(AbstractBeanFactory.java:306)
	at org.springframework.beans.factory.support.DefaultSingletonBeanRegistry.getSingleton(DefaultSingletonBeanRegistry.java:230)
	at org.springframework.beans.factory.support.AbstractBeanFactory.doGetBean(AbstractBeanFactory.java:302)
	at org.springframework.beans.factory.support.AbstractBeanFactory.getBean(AbstractBeanFactory.java:202)
	at org.springframework.beans.factory.config.DependencyDescriptor.resolveCandidate(DependencyDescriptor.java:208)
	at org.springframework.beans.factory.support.DefaultListableBeanFactory.doResolveDependency(DefaultListableBeanFactory.java:1138)
	at org.springframework.beans.factory.support.DefaultListableBeanFactory.resolveDependency(DefaultListableBeanFactory.java:1066)
	at org.springframework.beans.factory.annotation.AutowiredAnnotationBeanPostProcessor$AutowiredFieldElement.inject(AutowiredAnnotationBeanPostProcessor.java:585)
	at org.springframework.beans.factory.annotation.InjectionMetadata.inject(InjectionMetadata.java:88)
	at org.springframework.beans.factory.annotation.AutowiredAnnotationBeanPostProcessor.postProcessPropertyValues(AutowiredAnnotationBeanPostProcessor.java:366)
	at org.springframework.beans.factory.support.AbstractAutowireCapableBeanFactory.populateBean(AbstractAutowireCapableBeanFactory.java:1264)
	at org.springframework.beans.factory.support.AbstractAutowireCapableBeanFactory.doCreateBean(AbstractAutowireCapableBeanFactory.java:553)
	at org.springframework.beans.factory.support.AbstractAutowireCapableBeanFactory.createBean(AbstractAutowireCapableBeanFactory.java:483)
	at org.springframework.beans.factory.support.AbstractBeanFactory$1.getObject(AbstractBeanFactory.java:306)
	at org.springframework.beans.factory.support.DefaultSingletonBeanRegistry.getSingleton(DefaultSingletonBeanRegistry.java:230)
	at org.springframework.beans.factory.support.AbstractBeanFactory.doGetBean(AbstractBeanFactory.java:302)
	at org.springframework.beans.factory.support.AbstractBeanFactory.getBean(AbstractBeanFactory.java:202)
	at org.springframework.beans.factory.config.DependencyDescriptor.resolveCandidate(DependencyDescriptor.java:208)
	at org.springframework.beans.factory.support.DefaultListableBeanFactory.doResolveDependency(DefaultListableBeanFactory.java:1138)
	at org.springframework.beans.factory.support.DefaultListableBeanFactory.resolveDependency(DefaultListableBeanFactory.java:1066)
	at org.springframework.beans.factory.annotation.AutowiredAnnotationBeanPostProcessor$AutowiredFieldElement.inject(AutowiredAnnotationBeanPostProcessor.java:585)
	at org.springframework.beans.factory.annotation.InjectionMetadata.inject(InjectionMetadata.java:88)
	at org.springframework.beans.factory.annotation.AutowiredAnnotationBeanPostProcessor.postProcessPropertyValues(AutowiredAnnotationBeanPostProcessor.java:366)
	at org.springframework.beans.factory.support.AbstractAutowireCapableBeanFactory.populateBean(AbstractAutowireCapableBeanFactory.java:1264)
	at org.springframework.beans.factory.support.AbstractAutowireCapableBeanFactory.doCreateBean(AbstractAutowireCapableBeanFactory.java:553)
	at org.springframework.beans.factory.support.AbstractAutowireCapableBeanFactory.createBean(AbstractAutowireCapableBeanFactory.java:483)
	at org.springframework.beans.factory.support.AbstractBeanFactory$1.getObject(AbstractBeanFactory.java:306)
	at org.springframework.beans.factory.support.DefaultSingletonBeanRegistry.getSingleton(DefaultSingletonBeanRegistry.java:230)
	at org.springframework.beans.factory.support.AbstractBeanFactory.doGetBean(AbstractBeanFactory.java:302)
	at org.springframework.beans.factory.support.AbstractBeanFactory.getBean(AbstractBeanFactory.java:197)
	at org.springframework.beans.factory.support.DefaultListableBeanFactory.preInstantiateSingletons(DefaultListableBeanFactory.java:761)
	at org.springframework.context.support.AbstractApplicationContext.finishBeanFactoryInitialization(AbstractApplicationContext.java:867)
	at org.springframework.context.support.AbstractApplicationContext.refresh(AbstractApplicationContext.java:543)
	at org.springframework.boot.context.embedded.EmbeddedWebApplicationContext.refresh(EmbeddedWebApplicationContext.java:122)
	at org.springframework.boot.SpringApplication.refresh(SpringApplication.java:693)
	at org.springframework.boot.SpringApplication.refreshContext(SpringApplication.java:360)
	at org.springframework.boot.SpringApplication.run(SpringApplication.java:303)
	at org.springframework.boot.SpringApplication.run(SpringApplication.java:1118)
	at org.springframework.boot.SpringApplication.run(SpringApplication.java:1107)
	at com.sunll.springboot.SpringbootApplication.main(SpringbootApplication.java:15)
2018-02-28 14:10:47 [main] INFO  c.s.s.SpringbootApplication : 
 Starting SpringbootApplication on sunll with PID 7568 (D:\jtdspace\springboot\target\classes started by Administrator in D:\jtdspace\springboot) 
2018-02-28 14:10:47 [main] DEBUG c.s.s.SpringbootApplication : 
 Running with Spring Boot v1.5.10.RELEASE, Spring v4.3.14.RELEASE 
2018-02-28 14:10:47 [main] INFO  c.s.s.SpringbootApplication : 
 No active profile set, falling back to default profiles: default 
2018-02-28 14:11:07 [main] ERROR c.s.springboot.config.MybatisConfig : 
 mybatis sqlSessionFactoryBean create error 
java.lang.NullPointerException: null
	at com.sunll.springboot.config.MybatisConfig.sqlSessionFactory(MybatisConfig.java:57)
	at com.sunll.springboot.config.MybatisConfig$$EnhancerBySpringCGLIB$$c4beaa64.CGLIB$sqlSessionFactory$1(<generated>)
	at com.sunll.springboot.config.MybatisConfig$$EnhancerBySpringCGLIB$$c4beaa64$$FastClassBySpringCGLIB$$24500102.invoke(<generated>)
	at org.springframework.cglib.proxy.MethodProxy.invokeSuper(MethodProxy.java:228)
	at org.springframework.context.annotation.ConfigurationClassEnhancer$BeanMethodInterceptor.intercept(ConfigurationClassEnhancer.java:358)
	at com.sunll.springboot.config.MybatisConfig$$EnhancerBySpringCGLIB$$c4beaa64.sqlSessionFactory(<generated>)
	at sun.reflect.NativeMethodAccessorImpl.invoke0(Native Method)
	at sun.reflect.NativeMethodAccessorImpl.invoke(NativeMethodAccessorImpl.java:62)
	at sun.reflect.DelegatingMethodAccessorImpl.invoke(DelegatingMethodAccessorImpl.java:43)
	at java.lang.reflect.Method.invoke(Method.java:498)
	at org.springsource.loaded.ri.ReflectiveInterceptor.jlrMethodInvoke(ReflectiveInterceptor.java:1427)
	at org.springframework.beans.factory.support.SimpleInstantiationStrategy.instantiate(SimpleInstantiationStrategy.java:162)
	at org.springframework.beans.factory.support.ConstructorResolver.instantiateUsingFactoryMethod(ConstructorResolver.java:588)
	at org.springframework.beans.factory.support.AbstractAutowireCapableBeanFactory.instantiateUsingFactoryMethod(AbstractAutowireCapableBeanFactory.java:1173)
	at org.springframework.beans.factory.support.AbstractAutowireCapableBeanFactory.createBeanInstance(AbstractAutowireCapableBeanFactory.java:1067)
	at org.springframework.beans.factory.support.AbstractAutowireCapableBeanFactory.doCreateBean(AbstractAutowireCapableBeanFactory.java:513)
	at org.springframework.beans.factory.support.AbstractAutowireCapableBeanFactory.createBean(AbstractAutowireCapableBeanFactory.java:483)
	at org.springframework.beans.factory.support.AbstractBeanFactory$1.getObject(AbstractBeanFactory.java:306)
	at org.springframework.beans.factory.support.DefaultSingletonBeanRegistry.getSingleton(DefaultSingletonBeanRegistry.java:230)
	at org.springframework.beans.factory.support.AbstractBeanFactory.doGetBean(AbstractBeanFactory.java:302)
	at org.springframework.beans.factory.support.AbstractBeanFactory.getBean(AbstractBeanFactory.java:202)
	at org.springframework.beans.factory.config.DependencyDescriptor.resolveCandidate(DependencyDescriptor.java:208)
	at org.springframework.beans.factory.support.DefaultListableBeanFactory.doResolveDependency(DefaultListableBeanFactory.java:1138)
	at org.springframework.beans.factory.support.DefaultListableBeanFactory.resolveDependency(DefaultListableBeanFactory.java:1066)
	at org.springframework.beans.factory.support.AbstractAutowireCapableBeanFactory.autowireByType(AbstractAutowireCapableBeanFactory.java:1342)
	at org.springframework.beans.factory.support.AbstractAutowireCapableBeanFactory.populateBean(AbstractAutowireCapableBeanFactory.java:1249)
	at org.springframework.beans.factory.support.AbstractAutowireCapableBeanFactory.doCreateBean(AbstractAutowireCapableBeanFactory.java:553)
	at org.springframework.beans.factory.support.AbstractAutowireCapableBeanFactory.createBean(AbstractAutowireCapableBeanFactory.java:483)
	at org.springframework.beans.factory.support.AbstractBeanFactory$1.getObject(AbstractBeanFactory.java:306)
	at org.springframework.beans.factory.support.DefaultSingletonBeanRegistry.getSingleton(DefaultSingletonBeanRegistry.java:230)
	at org.springframework.beans.factory.support.AbstractBeanFactory.doGetBean(AbstractBeanFactory.java:302)
	at org.springframework.beans.factory.support.AbstractBeanFactory.getBean(AbstractBeanFactory.java:202)
	at org.springframework.beans.factory.config.DependencyDescriptor.resolveCandidate(DependencyDescriptor.java:208)
	at org.springframework.beans.factory.support.DefaultListableBeanFactory.doResolveDependency(DefaultListableBeanFactory.java:1138)
	at org.springframework.beans.factory.support.DefaultListableBeanFactory.resolveDependency(DefaultListableBeanFactory.java:1066)
	at org.springframework.beans.factory.annotation.AutowiredAnnotationBeanPostProcessor$AutowiredFieldElement.inject(AutowiredAnnotationBeanPostProcessor.java:585)
	at org.springframework.beans.factory.annotation.InjectionMetadata.inject(InjectionMetadata.java:88)
	at org.springframework.beans.factory.annotation.AutowiredAnnotationBeanPostProcessor.postProcessPropertyValues(AutowiredAnnotationBeanPostProcessor.java:366)
	at org.springframework.beans.factory.support.AbstractAutowireCapableBeanFactory.populateBean(AbstractAutowireCapableBeanFactory.java:1264)
	at org.springframework.beans.factory.support.AbstractAutowireCapableBeanFactory.doCreateBean(AbstractAutowireCapableBeanFactory.java:553)
	at org.springframework.beans.factory.support.AbstractAutowireCapableBeanFactory.createBean(AbstractAutowireCapableBeanFactory.java:483)
	at org.springframework.beans.factory.support.AbstractBeanFactory$1.getObject(AbstractBeanFactory.java:306)
	at org.springframework.beans.factory.support.DefaultSingletonBeanRegistry.getSingleton(DefaultSingletonBeanRegistry.java:230)
	at org.springframework.beans.factory.support.AbstractBeanFactory.doGetBean(AbstractBeanFactory.java:302)
	at org.springframework.beans.factory.support.AbstractBeanFactory.getBean(AbstractBeanFactory.java:202)
	at org.springframework.beans.factory.config.DependencyDescriptor.resolveCandidate(DependencyDescriptor.java:208)
	at org.springframework.beans.factory.support.DefaultListableBeanFactory.doResolveDependency(DefaultListableBeanFactory.java:1138)
	at org.springframework.beans.factory.support.DefaultListableBeanFactory.resolveDependency(DefaultListableBeanFactory.java:1066)
	at org.springframework.beans.factory.annotation.AutowiredAnnotationBeanPostProcessor$AutowiredFieldElement.inject(AutowiredAnnotationBeanPostProcessor.java:585)
	at org.springframework.beans.factory.annotation.InjectionMetadata.inject(InjectionMetadata.java:88)
	at org.springframework.beans.factory.annotation.AutowiredAnnotationBeanPostProcessor.postProcessPropertyValues(AutowiredAnnotationBeanPostProcessor.java:366)
	at org.springframework.beans.factory.support.AbstractAutowireCapableBeanFactory.populateBean(AbstractAutowireCapableBeanFactory.java:1264)
	at org.springframework.beans.factory.support.AbstractAutowireCapableBeanFactory.doCreateBean(AbstractAutowireCapableBeanFactory.java:553)
	at org.springframework.beans.factory.support.AbstractAutowireCapableBeanFactory.createBean(AbstractAutowireCapableBeanFactory.java:483)
	at org.springframework.beans.factory.support.AbstractBeanFactory$1.getObject(AbstractBeanFactory.java:306)
	at org.springframework.beans.factory.support.DefaultSingletonBeanRegistry.getSingleton(DefaultSingletonBeanRegistry.java:230)
	at org.springframework.beans.factory.support.AbstractBeanFactory.doGetBean(AbstractBeanFactory.java:302)
	at org.springframework.beans.factory.support.AbstractBeanFactory.getBean(AbstractBeanFactory.java:197)
	at org.springframework.beans.factory.support.DefaultListableBeanFactory.preInstantiateSingletons(DefaultListableBeanFactory.java:761)
	at org.springframework.context.support.AbstractApplicationContext.finishBeanFactoryInitialization(AbstractApplicationContext.java:867)
	at org.springframework.context.support.AbstractApplicationContext.refresh(AbstractApplicationContext.java:543)
	at org.springframework.boot.context.embedded.EmbeddedWebApplicationContext.refresh(EmbeddedWebApplicationContext.java:122)
	at org.springframework.boot.SpringApplication.refresh(SpringApplication.java:693)
	at org.springframework.boot.SpringApplication.refreshContext(SpringApplication.java:360)
	at org.springframework.boot.SpringApplication.run(SpringApplication.java:303)
	at org.springframework.boot.SpringApplication.run(SpringApplication.java:1118)
	at org.springframework.boot.SpringApplication.run(SpringApplication.java:1107)
	at com.sunll.springboot.SpringbootApplication.main(SpringbootApplication.java:15)
2018-02-28 14:12:21 [main] INFO  c.s.s.SpringbootApplication : 
 Starting SpringbootApplication on sunll with PID 4084 (D:\jtdspace\springboot\target\classes started by Administrator in D:\jtdspace\springboot) 
2018-02-28 14:12:21 [main] DEBUG c.s.s.SpringbootApplication : 
 Running with Spring Boot v1.5.10.RELEASE, Spring v4.3.14.RELEASE 
2018-02-28 14:12:21 [main] INFO  c.s.s.SpringbootApplication : 
 No active profile set, falling back to default profiles: default 
2018-02-28 14:12:31 [main] INFO  c.s.s.SpringbootApplication : 
 Started SpringbootApplication in 12.272 seconds (JVM running for 13.647) 
2018-02-28 14:13:49 [http-nio-8888-exec-1] DEBUG c.s.s.m.L.selectByPrimaryKey : 
 ==>  Preparing: select id, author, title, url from learn_resource where id = ?  
2018-02-28 14:13:49 [http-nio-8888-exec-1] DEBUG c.s.s.m.L.selectByPrimaryKey : 
 ==> Parameters: 1111111(Long) 
2018-02-28 14:13:49 [http-nio-8888-exec-1] DEBUG c.s.s.m.L.selectByPrimaryKey : 
 <==      Total: 1 
2018-02-28 14:14:00 [http-nio-8888-exec-2] DEBUG c.s.s.m.L.insertSelective : 
 ==>  Preparing: insert into learn_resource ( id, author, title, url ) values ( ?, ?, ?, ? )  
2018-02-28 14:14:00 [http-nio-8888-exec-2] DEBUG c.s.s.m.L.insertSelective : 
 ==> Parameters: 1111111(Long), sunll(String), springboot(String), www.baidu.com(String) 
2018-02-28 14:14:39 [http-nio-8888-exec-4] DEBUG c.s.s.m.L.insertSelective : 
 ==>  Preparing: insert into learn_resource ( id, author, title, url ) values ( ?, ?, ?, ? )  
2018-02-28 14:14:39 [http-nio-8888-exec-4] DEBUG c.s.s.m.L.insertSelective : 
 ==> Parameters: 1111111(Long), sunll(String), springboot(String), www.baidu.com(String) 
2018-02-28 14:14:39 [http-nio-8888-exec-4] DEBUG c.s.s.m.L.insertSelective : 
 <==    Updates: 1 
2018-02-28 14:20:35 [main] INFO  c.s.s.SpringbootApplication : 
 Starting SpringbootApplication on sunll with PID 9660 (D:\jtdspace\springboot\target\classes started by Administrator in D:\jtdspace\springboot) 
2018-02-28 14:20:35 [main] DEBUG c.s.s.SpringbootApplication : 
 Running with Spring Boot v1.5.10.RELEASE, Spring v4.3.14.RELEASE 
2018-02-28 14:20:35 [main] INFO  c.s.s.SpringbootApplication : 
 No active profile set, falling back to default profiles: default 
2018-02-28 14:20:46 [main] INFO  c.s.s.SpringbootApplication : 
 Started SpringbootApplication in 13.001 seconds (JVM running for 14.523) 
2018-02-28 14:21:15 [http-nio-8888-exec-10] DEBUG c.s.s.m.L.insertSelective : 
 ==>  Preparing: insert into learn_resource ( id, author, title, url ) values ( ?, ?, ?, ? )  
2018-02-28 14:21:16 [http-nio-8888-exec-10] DEBUG c.s.s.m.L.insertSelective : 
 ==> Parameters: 1111111(Long), sunll(String), springboot(String), www.baidu.com(String) 
2018-02-28 14:21:16 [http-nio-8888-exec-10] DEBUG c.s.s.m.L.insertSelective : 
 <==    Updates: 1 
2018-02-28 14:23:06 [main] INFO  c.s.s.SpringbootApplication : 
 Starting SpringbootApplication on sunll with PID 2460 (D:\jtdspace\springboot\target\classes started by Administrator in D:\jtdspace\springboot) 
2018-02-28 14:23:06 [main] DEBUG c.s.s.SpringbootApplication : 
 Running with Spring Boot v1.5.10.RELEASE, Spring v4.3.14.RELEASE 
2018-02-28 14:23:06 [main] INFO  c.s.s.SpringbootApplication : 
 No active profile set, falling back to default profiles: default 
2018-02-28 14:23:16 [main] INFO  c.s.s.SpringbootApplication : 
 Started SpringbootApplication in 11.134 seconds (JVM running for 12.418) 
2018-02-28 14:23:29 [http-nio-8888-exec-1] DEBUG c.s.s.m.L.insertSelective : 
 ==>  Preparing: insert into learn_resource ( id, author, title, url ) values ( ?, ?, ?, ? )  
2018-02-28 14:23:30 [http-nio-8888-exec-1] DEBUG c.s.s.m.L.insertSelective : 
 ==> Parameters: 1111111(Long), sunll(String), springboot(String), www.baidu.com(String) 
2018-02-28 14:23:30 [http-nio-8888-exec-1] DEBUG c.s.s.m.L.insertSelective : 
 <==    Updates: 1 
2018-02-28 14:24:49 [main] INFO  c.s.s.SpringbootApplication : 
 Starting SpringbootApplication on sunll with PID 8292 (D:\jtdspace\springboot\target\classes started by Administrator in D:\jtdspace\springboot) 
2018-02-28 14:24:49 [main] DEBUG c.s.s.SpringbootApplication : 
 Running with Spring Boot v1.5.10.RELEASE, Spring v4.3.14.RELEASE 
2018-02-28 14:24:49 [main] INFO  c.s.s.SpringbootApplication : 
 No active profile set, falling back to default profiles: default 
2018-02-28 14:24:58 [main] INFO  c.s.s.SpringbootApplication : 
 Started SpringbootApplication in 11.704 seconds (JVM running for 12.927) 
2018-02-28 14:25:07 [http-nio-8888-exec-1] DEBUG c.s.s.m.L.insertSelective : 
 ==>  Preparing: insert into learn_resource ( id, author, title, url ) values ( ?, ?, ?, ? )  
2018-02-28 14:25:07 [http-nio-8888-exec-1] DEBUG c.s.s.m.L.insertSelective : 
 ==> Parameters: 1111111(Long), sunll(String), springboot(String), www.baidu.com(String) 
2018-02-28 14:25:08 [http-nio-8888-exec-1] DEBUG c.s.s.m.L.insertSelective : 
 <==    Updates: 1 
2018-02-28 14:26:52 [main] INFO  c.s.s.SpringbootApplication : 
 Starting SpringbootApplication on sunll with PID 5312 (D:\jtdspace\springboot\target\classes started by Administrator in D:\jtdspace\springboot) 
2018-02-28 14:26:52 [main] DEBUG c.s.s.SpringbootApplication : 
 Running with Spring Boot v1.5.10.RELEASE, Spring v4.3.14.RELEASE 
2018-02-28 14:26:52 [main] INFO  c.s.s.SpringbootApplication : 
 No active profile set, falling back to default profiles: default 
2018-02-28 14:27:03 [main] INFO  c.s.s.SpringbootApplication : 
 Started SpringbootApplication in 11.777 seconds (JVM running for 13.081) 
2018-02-28 14:27:13 [http-nio-8888-exec-3] DEBUG c.s.s.m.L.insertSelective : 
 ==>  Preparing: insert into learn_resource ( id, author, title, url ) values ( ?, ?, ?, ? )  
2018-02-28 14:27:13 [http-nio-8888-exec-3] DEBUG c.s.s.m.L.insertSelective : 
 ==> Parameters: 1111111(Long), sunll(String), springboot(String), www.baidu.com(String) 
2018-02-28 14:27:13 [http-nio-8888-exec-3] DEBUG c.s.s.m.L.insertSelective : 
 <==    Updates: 1 
2018-02-28 14:34:28 [main] INFO  c.s.s.SpringbootApplication : 
 Starting SpringbootApplication on sunll with PID 10832 (D:\jtdspace\springboot\target\classes started by Administrator in D:\jtdspace\springboot) 
2018-02-28 14:34:28 [main] DEBUG c.s.s.SpringbootApplication : 
 Running with Spring Boot v1.5.10.RELEASE, Spring v4.3.14.RELEASE 
2018-02-28 14:34:28 [main] INFO  c.s.s.SpringbootApplication : 
 No active profile set, falling back to default profiles: default 
2018-02-28 14:34:37 [main] INFO  c.s.s.SpringbootApplication : 
 Started SpringbootApplication in 10.893 seconds (JVM running for 12.129) 
2018-02-28 14:35:06 [http-nio-8888-exec-1] DEBUG c.s.s.m.L.insertSelective : 
 ==>  Preparing: insert into learn_resource ( id, author, title, url ) values ( ?, ?, ?, ? )  
2018-02-28 14:35:06 [http-nio-8888-exec-1] DEBUG c.s.s.m.L.insertSelective : 
 ==> Parameters: 1111111(Long), sunll(String), springboot(String), www.baidu.com(String) 
2018-02-28 14:35:06 [http-nio-8888-exec-1] DEBUG c.s.s.m.L.insertSelective : 
 <==    Updates: 1 
2018-02-28 14:40:39 [main] INFO  c.s.s.SpringbootApplication : 
 Starting SpringbootApplication on sunll with PID 11076 (D:\jtdspace\springboot\target\classes started by Administrator in D:\jtdspace\springboot) 
2018-02-28 14:40:39 [main] DEBUG c.s.s.SpringbootApplication : 
 Running with Spring Boot v1.5.10.RELEASE, Spring v4.3.14.RELEASE 
2018-02-28 14:40:39 [main] INFO  c.s.s.SpringbootApplication : 
 No active profile set, falling back to default profiles: default 
2018-02-28 14:40:48 [main] INFO  c.s.s.SpringbootApplication : 
 Started SpringbootApplication in 11.178 seconds (JVM running for 12.351) 
2018-02-28 14:41:03 [http-nio-8888-exec-1] DEBUG c.s.s.m.L.insertSelective : 
 ==>  Preparing: insert into learn_resource ( id, author, title, url ) values ( ?, ?, ?, ? )  
2018-02-28 14:41:03 [http-nio-8888-exec-1] DEBUG c.s.s.m.L.insertSelective : 
 ==> Parameters: 1111111(Long), sunll(String), springboot(String), www.baidu.com(String) 
2018-02-28 14:41:03 [http-nio-8888-exec-1] DEBUG c.s.s.m.L.insertSelective : 
 <==    Updates: 1 
2018-02-28 14:53:33 [main] INFO  c.s.s.SpringbootApplication : 
 Starting SpringbootApplication on sunll with PID 8716 (D:\jtdspace\springboot\target\classes started by Administrator in D:\jtdspace\springboot) 
2018-02-28 14:53:33 [main] DEBUG c.s.s.SpringbootApplication : 
 Running with Spring Boot v1.5.10.RELEASE, Spring v4.3.14.RELEASE 
2018-02-28 14:53:33 [main] INFO  c.s.s.SpringbootApplication : 
 No active profile set, falling back to default profiles: default 
2018-02-28 14:53:42 [main] INFO  c.s.s.SpringbootApplication : 
 Started SpringbootApplication in 11.89 seconds (JVM running for 13.027) 
2018-02-28 14:53:59 [http-nio-8888-exec-1] DEBUG c.s.s.m.L.insertSelective : 
 ==>  Preparing: insert into learn_resource ( id, author, title, url ) values ( ?, ?, ?, ? )  
2018-02-28 14:53:59 [http-nio-8888-exec-1] DEBUG c.s.s.m.L.insertSelective : 
 ==> Parameters: 1111111(Long), sunll(String), springboot(String), www.baidu.com(String) 
2018-02-28 14:53:59 [http-nio-8888-exec-1] DEBUG c.s.s.m.L.insertSelective : 
 <==    Updates: 1 
2018-02-28 15:29:16 [main] INFO  c.s.s.SpringbootApplication : 
 Starting SpringbootApplication on sunll with PID 9600 (D:\jtdspace\springboot\target\classes started by Administrator in D:\jtdspace\springboot) 
2018-02-28 15:29:16 [main] DEBUG c.s.s.SpringbootApplication : 
 Running with Spring Boot v1.5.10.RELEASE, Spring v4.3.14.RELEASE 
2018-02-28 15:29:16 [main] INFO  c.s.s.SpringbootApplication : 
 No active profile set, falling back to default profiles: default 
2018-02-28 15:29:28 [main] INFO  c.s.s.SpringbootApplication : 
 Started SpringbootApplication in 13.508 seconds (JVM running for 14.991) 
2018-02-28 15:29:36 [http-nio-8888-exec-1] DEBUG c.s.s.m.L.insertSelective : 
 ==>  Preparing: insert into learn_resource ( id, author, title, url ) values ( ?, ?, ?, ? )  
2018-02-28 15:29:36 [http-nio-8888-exec-1] DEBUG c.s.s.m.L.insertSelective : 
 ==> Parameters: 1111111(Long), sunll(String), springboot(String), www.baidu.com(String) 
2018-02-28 15:29:36 [http-nio-8888-exec-1] DEBUG c.s.s.m.L.insertSelective : 
 <==    Updates: 1 
2018-02-28 15:40:42 [main] INFO  c.s.s.SpringbootApplication : 
 Starting SpringbootApplication on sunll with PID 9404 (D:\jtdspace\springboot\target\classes started by Administrator in D:\jtdspace\springboot) 
2018-02-28 15:40:42 [main] DEBUG c.s.s.SpringbootApplication : 
 Running with Spring Boot v1.5.10.RELEASE, Spring v4.3.14.RELEASE 
2018-02-28 15:40:42 [main] INFO  c.s.s.SpringbootApplication : 
 No active profile set, falling back to default profiles: default 
2018-02-28 15:40:56 [main] INFO  c.s.s.SpringbootApplication : 
 Started SpringbootApplication in 16.116 seconds (JVM running for 18.004) 
2018-02-28 15:41:12 [http-nio-8888-exec-2] DEBUG c.s.s.m.L.insertSelective : 
 ==>  Preparing: insert into learn_resource ( id, author, title, url ) values ( ?, ?, ?, ? )  
2018-02-28 15:41:12 [http-nio-8888-exec-2] DEBUG c.s.s.m.L.insertSelective : 
 ==> Parameters: 1111111(Long), sunll(String), springboot(String), www.baidu.com(String) 
2018-02-28 15:41:12 [http-nio-8888-exec-2] DEBUG c.s.s.m.L.insertSelective : 
 <==    Updates: 1 
2018-02-28 15:45:04 [main] INFO  c.s.s.SpringbootApplication : 
 Starting SpringbootApplication on sunll with PID 9972 (D:\jtdspace\springboot\target\classes started by Administrator in D:\jtdspace\springboot) 
2018-02-28 15:45:04 [main] DEBUG c.s.s.SpringbootApplication : 
 Running with Spring Boot v1.5.10.RELEASE, Spring v4.3.14.RELEASE 
2018-02-28 15:45:04 [main] INFO  c.s.s.SpringbootApplication : 
 No active profile set, falling back to default profiles: default 
2018-02-28 15:45:17 [main] INFO  c.s.s.SpringbootApplication : 
 Started SpringbootApplication in 14.578 seconds (JVM running for 15.924) 
2018-02-28 15:45:23 [http-nio-8888-exec-2] DEBUG c.s.s.m.L.insertSelective : 
 ==>  Preparing: insert into learn_resource ( id, author, title, url ) values ( ?, ?, ?, ? )  
2018-02-28 15:45:23 [http-nio-8888-exec-2] DEBUG c.s.s.m.L.insertSelective : 
 ==> Parameters: 1111111(Long), sunll(String), springboot(String), www.baidu.com(String) 
2018-02-28 15:45:23 [http-nio-8888-exec-2] DEBUG c.s.s.m.L.insertSelective : 
 <==    Updates: 1 
2018-02-28 15:49:35 [main] INFO  c.s.s.SpringbootApplication : 
 Starting SpringbootApplication on sunll with PID 4076 (D:\jtdspace\springboot\target\classes started by Administrator in D:\jtdspace\springboot) 
2018-02-28 15:49:35 [main] DEBUG c.s.s.SpringbootApplication : 
 Running with Spring Boot v1.5.10.RELEASE, Spring v4.3.14.RELEASE 
2018-02-28 15:49:35 [main] INFO  c.s.s.SpringbootApplication : 
 No active profile set, falling back to default profiles: default 
2018-02-28 15:49:46 [main] INFO  c.s.s.SpringbootApplication : 
 Started SpringbootApplication in 13.857 seconds (JVM running for 15.131) 
2018-02-28 15:49:54 [http-nio-8888-exec-1] DEBUG c.s.s.m.L.insertSelective : 
 ==>  Preparing: insert into learn_resource ( id, author, title, url ) values ( ?, ?, ?, ? )  
2018-02-28 15:49:54 [http-nio-8888-exec-1] DEBUG c.s.s.m.L.insertSelective : 
 ==> Parameters: 1111111(Long), sunll(String), springboot(String), www.baidu.com(String) 
2018-02-28 15:49:54 [http-nio-8888-exec-1] DEBUG c.s.s.m.L.insertSelective : 
 <==    Updates: 1 
2018-02-28 15:52:23 [main] INFO  c.s.s.SpringbootApplication : 
 Starting SpringbootApplication on sunll with PID 3664 (D:\jtdspace\springboot\target\classes started by Administrator in D:\jtdspace\springboot) 
2018-02-28 15:52:23 [main] DEBUG c.s.s.SpringbootApplication : 
 Running with Spring Boot v1.5.10.RELEASE, Spring v4.3.14.RELEASE 
2018-02-28 15:52:23 [main] INFO  c.s.s.SpringbootApplication : 
 No active profile set, falling back to default profiles: default 
2018-02-28 15:52:34 [main] INFO  c.s.s.SpringbootApplication : 
 Started SpringbootApplication in 13.003 seconds (JVM running for 15.07) 
2018-02-28 15:52:42 [http-nio-8888-exec-3] DEBUG c.s.s.m.L.insertSelective : 
 ==>  Preparing: insert into learn_resource ( id, author, title, url ) values ( ?, ?, ?, ? )  
2018-02-28 15:52:43 [http-nio-8888-exec-3] DEBUG c.s.s.m.L.insertSelective : 
 ==> Parameters: 1111111(Long), sunll(String), springboot(String), www.baidu.com(String) 
2018-02-28 15:52:43 [http-nio-8888-exec-3] DEBUG c.s.s.m.L.insertSelective : 
 <==    Updates: 1 
2018-02-28 15:54:01 [main] INFO  c.s.s.SpringbootApplication : 
 Starting SpringbootApplication on sunll with PID 3588 (D:\jtdspace\springboot\target\classes started by Administrator in D:\jtdspace\springboot) 
2018-02-28 15:54:01 [main] DEBUG c.s.s.SpringbootApplication : 
 Running with Spring Boot v1.5.10.RELEASE, Spring v4.3.14.RELEASE 
2018-02-28 15:54:01 [main] INFO  c.s.s.SpringbootApplication : 
 No active profile set, falling back to default profiles: default 
2018-02-28 15:54:13 [main] INFO  c.s.s.SpringbootApplication : 
 Started SpringbootApplication in 13.525 seconds (JVM running for 14.827) 
2018-02-28 15:54:24 [http-nio-8888-exec-2] DEBUG c.s.s.m.L.insertSelective : 
 ==>  Preparing: insert into learn_resource ( id, author, title, url ) values ( ?, ?, ?, ? )  
2018-02-28 15:54:24 [http-nio-8888-exec-2] DEBUG c.s.s.m.L.insertSelective : 
 ==> Parameters: 1111111(Long), sunll(String), springboot(String), www.baidu.com(String) 
2018-02-28 15:54:24 [http-nio-8888-exec-2] DEBUG c.s.s.m.L.insertSelective : 
 <==    Updates: 1 
2018-02-28 15:55:36 [main] INFO  c.s.s.SpringbootApplication : 
 Starting SpringbootApplication on sunll with PID 4768 (D:\jtdspace\springboot\target\classes started by Administrator in D:\jtdspace\springboot) 
2018-02-28 15:55:36 [main] DEBUG c.s.s.SpringbootApplication : 
 Running with Spring Boot v1.5.10.RELEASE, Spring v4.3.14.RELEASE 
2018-02-28 15:55:36 [main] INFO  c.s.s.SpringbootApplication : 
 No active profile set, falling back to default profiles: default 
2018-02-28 15:55:46 [main] INFO  c.s.s.SpringbootApplication : 
 Started SpringbootApplication in 12.531 seconds (JVM running for 13.763) 
2018-02-28 15:55:59 [http-nio-8888-exec-1] DEBUG c.s.s.m.L.insertSelective : 
 ==>  Preparing: insert into learn_resource ( id, author, title, url ) values ( ?, ?, ?, ? )  
2018-02-28 15:55:59 [http-nio-8888-exec-1] DEBUG c.s.s.m.L.insertSelective : 
 ==> Parameters: 1111111(Long), sunll(String), springboot(String), www.baidu.com(String) 
2018-02-28 15:55:59 [http-nio-8888-exec-1] DEBUG c.s.s.m.L.insertSelective : 
 <==    Updates: 1 
2018-02-28 15:56:33 [main] INFO  c.s.s.SpringbootApplication : 
 Starting SpringbootApplication on sunll with PID 9892 (D:\jtdspace\springboot\target\classes started by Administrator in D:\jtdspace\springboot) 
2018-02-28 15:56:33 [main] DEBUG c.s.s.SpringbootApplication : 
 Running with Spring Boot v1.5.10.RELEASE, Spring v4.3.14.RELEASE 
2018-02-28 15:56:33 [main] INFO  c.s.s.SpringbootApplication : 
 No active profile set, falling back to default profiles: default 
2018-02-28 15:56:43 [main] INFO  c.s.s.SpringbootApplication : 
 Started SpringbootApplication in 11.826 seconds (JVM running for 13.086) 
2018-02-28 15:56:53 [http-nio-8888-exec-1] DEBUG c.s.s.m.L.insertSelective : 
 ==>  Preparing: insert into learn_resource ( id, author, title, url ) values ( ?, ?, ?, ? )  
2018-02-28 15:56:54 [http-nio-8888-exec-1] DEBUG c.s.s.m.L.insertSelective : 
 ==> Parameters: 1111111(Long), sunll(String), springboot(String), www.baidu.com(String) 
2018-02-28 15:56:54 [http-nio-8888-exec-1] DEBUG c.s.s.m.L.insertSelective : 
 <==    Updates: 1 
2018-02-28 15:56:54 [http-nio-8888-exec-1] DEBUG c.s.s.m.L.insertSelective : 
 ==>  Preparing: insert into learn_resource ( id, author, title, url ) values ( ?, ?, ?, ? )  
2018-02-28 15:56:54 [http-nio-8888-exec-1] DEBUG c.s.s.m.L.insertSelective : 
 ==> Parameters: 11(Long), sunll1(String), springboot1(String), www.baidu.com1(String) 
2018-02-28 15:56:54 [http-nio-8888-exec-1] DEBUG c.s.s.m.L.insertSelective : 
 <==    Updates: 1 
2018-02-28 16:37:50 [main] INFO  c.s.s.SpringbootApplication : 
 Starting SpringbootApplication on sunll with PID 6664 (D:\jtdspace\springboot\target\classes started by Administrator in D:\jtdspace\springboot) 
2018-02-28 16:37:50 [main] DEBUG c.s.s.SpringbootApplication : 
 Running with Spring Boot v1.5.10.RELEASE, Spring v4.3.14.RELEASE 
2018-02-28 16:37:50 [main] INFO  c.s.s.SpringbootApplication : 
 No active profile set, falling back to default profiles: default 
2018-02-28 16:38:02 [main] INFO  c.s.s.SpringbootApplication : 
 Started SpringbootApplication in 14.962 seconds (JVM running for 16.338) 
2018-02-28 16:38:50 [http-nio-8888-exec-2] DEBUG c.s.s.m.L.selectBy : 
 ==>  Preparing: select id, author, title, url from learn_resource  
2018-02-28 16:38:50 [http-nio-8888-exec-2] DEBUG c.s.s.m.L.selectBy : 
 ==> Parameters:  
2018-02-28 16:38:50 [http-nio-8888-exec-2] DEBUG c.s.s.m.L.selectBy : 
 <==      Total: 2 
2018-02-28 16:39:35 [http-nio-8888-exec-9] DEBUG c.s.s.m.L.selectBy : 
 ==>  Preparing: select id, author, title, url from learn_resource  
2018-02-28 16:39:35 [http-nio-8888-exec-9] DEBUG c.s.s.m.L.selectBy : 
 ==> Parameters:  
2018-02-28 16:39:35 [http-nio-8888-exec-9] DEBUG c.s.s.m.L.selectBy : 
 <==      Total: 2 
2018-02-28 16:40:00 [http-nio-8888-exec-10] DEBUG c.s.s.m.L.selectBy : 
 ==>  Preparing: select id, author, title, url from learn_resource  
2018-02-28 16:40:00 [http-nio-8888-exec-10] DEBUG c.s.s.m.L.selectBy : 
 ==> Parameters:  
2018-02-28 16:40:00 [http-nio-8888-exec-10] DEBUG c.s.s.m.L.selectBy : 
 <==      Total: 3 
2018-02-28 16:52:23 [main] INFO  c.s.s.SpringbootApplication : 
 Starting SpringbootApplication on sunll with PID 11068 (D:\jtdspace\springboot\target\classes started by Administrator in D:\jtdspace\springboot) 
2018-02-28 16:52:23 [main] DEBUG c.s.s.SpringbootApplication : 
 Running with Spring Boot v1.5.10.RELEASE, Spring v4.3.14.RELEASE 
2018-02-28 16:52:23 [main] INFO  c.s.s.SpringbootApplication : 
 No active profile set, falling back to default profiles: default 
2018-02-28 16:52:35 [main] INFO  c.s.s.SpringbootApplication : 
 Started SpringbootApplication in 13.629 seconds (JVM running for 14.918) 
2018-02-28 16:52:42 [http-nio-8888-exec-1] DEBUG c.s.s.m.L.selectBy : 
 ==>  Preparing: select id, author, title, url from learn_resource  
2018-02-28 16:52:42 [http-nio-8888-exec-1] DEBUG c.s.s.m.L.selectBy : 
 ==> Parameters:  
2018-02-28 16:52:42 [http-nio-8888-exec-1] DEBUG c.s.s.m.L.selectBy : 
 <==      Total: 3 
2018-02-28 16:52:55 [http-nio-8888-exec-3] DEBUG c.s.s.m.L.selectBy : 
 ==>  Preparing: select id, author, title, url from learn_resource  
2018-02-28 16:52:55 [http-nio-8888-exec-3] DEBUG c.s.s.m.L.selectBy : 
 ==> Parameters:  
2018-02-28 16:52:55 [http-nio-8888-exec-3] DEBUG c.s.s.m.L.selectBy : 
 <==      Total: 3 
2018-02-28 16:53:00 [http-nio-8888-exec-4] DEBUG c.s.s.m.L.selectBy : 
 ==>  Preparing: select id, author, title, url from learn_resource  
2018-02-28 16:53:00 [http-nio-8888-exec-4] DEBUG c.s.s.m.L.selectBy : 
 ==> Parameters:  
2018-02-28 16:53:00 [http-nio-8888-exec-4] DEBUG c.s.s.m.L.selectBy : 
 <==      Total: 3 
2018-02-28 16:53:08 [http-nio-8888-exec-5] DEBUG c.s.s.m.L.selectBy : 
 ==>  Preparing: select id, author, title, url from learn_resource  
2018-02-28 16:53:09 [http-nio-8888-exec-5] DEBUG c.s.s.m.L.selectBy : 
 ==> Parameters:  
2018-02-28 16:53:09 [http-nio-8888-exec-5] DEBUG c.s.s.m.L.selectBy : 
 <==      Total: 3 
2018-02-28 16:54:52 [main] INFO  c.s.s.SpringbootApplication : 
 Starting SpringbootApplication on sunll with PID 7384 (D:\jtdspace\springboot\target\classes started by Administrator in D:\jtdspace\springboot) 
2018-02-28 16:54:52 [main] DEBUG c.s.s.SpringbootApplication : 
 Running with Spring Boot v1.5.10.RELEASE, Spring v4.3.14.RELEASE 
2018-02-28 16:54:52 [main] INFO  c.s.s.SpringbootApplication : 
 No active profile set, falling back to default profiles: default 
2018-02-28 16:55:02 [main] INFO  c.s.s.SpringbootApplication : 
 Started SpringbootApplication in 12.724 seconds (JVM running for 14.495) 
2018-02-28 16:55:09 [http-nio-8888-exec-1] DEBUG c.s.s.m.L.selectBy_COUNT : 
 ==>  Preparing: SELECT count(0) FROM learn_resource  
2018-02-28 16:55:09 [http-nio-8888-exec-1] DEBUG c.s.s.m.L.selectBy_COUNT : 
 ==> Parameters:  
2018-02-28 16:55:09 [http-nio-8888-exec-1] DEBUG c.s.s.m.L.selectBy_COUNT : 
 <==      Total: 1 
2018-02-28 16:55:09 [http-nio-8888-exec-1] DEBUG c.s.s.m.L.selectBy : 
 ==>  Preparing: select id, author, title, url from learn_resource limit ?,?  
2018-02-28 16:55:09 [http-nio-8888-exec-1] DEBUG c.s.s.m.L.selectBy : 
 ==> Parameters: 0(Integer), 1(Integer) 
2018-02-28 16:55:09 [http-nio-8888-exec-1] DEBUG c.s.s.m.L.selectBy : 
 <==      Total: 1 
2018-02-28 16:55:57 [http-nio-8888-exec-2] DEBUG c.s.s.m.L.selectBy_COUNT : 
 ==>  Preparing: SELECT count(0) FROM learn_resource  
2018-02-28 16:55:57 [http-nio-8888-exec-2] DEBUG c.s.s.m.L.selectBy_COUNT : 
 ==> Parameters:  
2018-02-28 16:55:57 [http-nio-8888-exec-2] DEBUG c.s.s.m.L.selectBy_COUNT : 
 <==      Total: 1 
2018-02-28 16:55:57 [http-nio-8888-exec-2] DEBUG c.s.s.m.L.selectBy : 
 ==>  Preparing: select id, author, title, url from learn_resource limit ?,?  
2018-02-28 16:55:57 [http-nio-8888-exec-2] DEBUG c.s.s.m.L.selectBy : 
 ==> Parameters: 0(Integer), 2(Integer) 
2018-02-28 16:55:57 [http-nio-8888-exec-2] DEBUG c.s.s.m.L.selectBy : 
 <==      Total: 2 
